[debug] [2025-05-14T13:10:56.517Z] ----------------------------------------------------------------------
[debug] [2025-05-14T13:10:56.521Z] Command:       C:\Program Files\nodejs\node.exe C:\Users\Lapify\AppData\Roaming\npm\node_modules\firebase-tools\lib\bin\firebase.js init hosting
[debug] [2025-05-14T13:10:56.521Z] CLI Version:   14.3.1
[debug] [2025-05-14T13:10:56.522Z] Platform:      win32
[debug] [2025-05-14T13:10:56.522Z] Node Version:  v20.16.0
[debug] [2025-05-14T13:10:56.522Z] Time:          Wed May 14 2025 18:10:56 GMT+0500 (Pakistan Standard Time)
[debug] [2025-05-14T13:10:56.522Z] ----------------------------------------------------------------------
[debug] 
[debug] [2025-05-14T13:10:56.530Z] > command requires scopes: ["email","openid","https://www.googleapis.com/auth/cloudplatformprojects.readonly","https://www.googleapis.com/auth/firebase","https://www.googleapis.com/auth/cloud-platform"]
[debug] [2025-05-14T13:10:56.531Z] > authorizing via signed-in user (yasirkhan2524@gmail.com)
[info] 
     ######## #### ########  ######## ########     ###     ######  ########
     ##        ##  ##     ## ##       ##     ##  ##   ##  ##       ##
     ######    ##  ########  ######   ########  #########  ######  ######
     ##        ##  ##    ##  ##       ##     ## ##     ##       ## ##
     ##       #### ##     ## ######## ########  ##     ##  ######  ########

You're about to initialize a Firebase project in this directory:

  D:\portfolio

[info] 
=== Project Setup
[info] 
[info] First, let's associate this project directory with a Firebase project.
[info] You can create multiple project aliases by running firebase use --add, 
[info] but for now we'll just set up a default project.
[info] 
[debug] [2025-05-14T13:11:03.504Z] Checked if tokens are valid: true, expires at: 1747229888223
[debug] [2025-05-14T13:11:03.504Z] Checked if tokens are valid: true, expires at: 1747229888223
[debug] [2025-05-14T13:11:03.507Z] >>> [apiv2][query] GET https://firebase.googleapis.com/v1beta1/projects pageSize=100
[debug] [2025-05-14T13:11:04.373Z] <<< [apiv2][status] GET https://firebase.googleapis.com/v1beta1/projects 200
[debug] [2025-05-14T13:11:04.374Z] <<< [apiv2][body] GET https://firebase.googleapis.com/v1beta1/projects [omitted]
